<?xml version="1.0" encoding="UTF-8"?>
<!-- Generated by org.testng.reporters.JUnitReportReporter -->
<testsuite hostname="USER" failures="0" tests="3" name="com.angamer.uitests.testrunner.StoreTestRunner" time="42.517" errors="0" timestamp="25 Oct 2023 17:52:03 GMT" skipped="0">
  <testcase classname="com.angamer.uitests.testrunner.StoreTestRunner" name="runScenario" time="19.542"/>
  <testcase classname="com.angamer.uitests.testrunner.StoreTestRunner" name="runScenario" time="13.425"/>
  <testcase classname="com.angamer.uitests.testrunner.StoreTestRunner" name="runScenario" time="9.550"/>
</testsuite> <!-- com.angamer.uitests.testrunner.StoreTestRunner -->
